0 info it worked if it ends with ok
1 verbose cli [ 'node', '/usr/local/bin/npm', 'adduser' ]
2 info using npm@1.3.21
3 info using node@v0.10.24
4 warn Username may not contain non-url-safe chars
5 error Error: default value must be string or number
5 error     at read (/usr/local/lib/node_modules/npm/node_modules/read/lib/read.js:15:11)
5 error     at readEmail (/usr/local/lib/node_modules/npm/lib/adduser.js:96:3)
5 error     at loop (/usr/local/lib/node_modules/npm/lib/adduser.js:33:20)
5 error     at /usr/local/lib/node_modules/npm/lib/adduser.js:89:5
5 error     at Interface.onLine (/usr/local/lib/node_modules/npm/node_modules/read/lib/read.js:111:5)
5 error     at Interface.EventEmitter.emit (events.js:95:17)
5 error     at Interface._onLine (readline.js:202:10)
5 error     at Interface._line (readline.js:531:8)
5 error     at Interface._ttyWrite (readline.js:760:14)
5 error     at ReadStream.onkeypress (readline.js:99:10)
6 error If you need help, you may report this *entire* log,
6 error including the npm and node versions, at:
6 error     <http://github.com/isaacs/npm/issues>
7 error System Darwin 14.3.0
8 error command "node" "/usr/local/bin/npm" "adduser"
9 error cwd /Library/WebServer/Documents/ds-bootstrap/email-templates
10 error node -v v0.10.24
11 error npm -v 1.3.21
12 verbose exit [ 1, true ]
